
> reservation-app@0.1.0 build
> next build

[@serwist/next] WARNING: You are using '@serwist/next' with `next dev --turbopack`, but Serwist doesn't support Turbopack at the moment. It is recommended that you set `disable` to `process.env.NODE_ENV !== "production"`. Follow https://github.com/serwist/serwist/issues/54 for progress on Serwist + Turbopack. You can also suppress this warning by setting SERWIST_SUPPRESS_TURBOPACK_WARNING=1.
▲ Next.js 16.1.1 (Turbopack)
- Environments: .env.local
- Experiments (use with caution):
  ✓ viewTransition

  Creating an optimized production build ...
[@serwist/next] WARNING: You are using '@serwist/next' with `next dev --turbopack`, but Serwist doesn't support Turbopack at the moment. It is recommended that you set `disable` to `process.env.NODE_ENV !== "production"`. Follow https://github.com/serwist/serwist/issues/54 for progress on Serwist + Turbopack. You can also suppress this warning by setting SERWIST_SUPPRESS_TURBOPACK_WARNING=1.
✓ Compiled successfully in 1974.0ms
  Running TypeScript ...
Failed to compile.

./app/admin/page.tsx:15:7
Type error: Type '{ initialReservations: Reservation[]; isSuperAdmin: boolean; }' is not assignable to type 'IntrinsicAttributes & AdminDashboardProps'.
  Property 'isSuperAdmin' does not exist on type 'IntrinsicAttributes & AdminDashboardProps'.

[0m [90m 13 |[39m     [33m<[39m[33mAdminDashboard[39m
 [90m 14 |[39m       initialReservations[33m=[39m{reservations}
[31m[1m>[22m[39m[90m 15 |[39m       isSuperAdmin[33m=[39m{isSuperAdmin}
 [90m    |[39m       [31m[1m^[22m[39m
 [90m 16 |[39m     [33m/[39m[33m>[39m
 [90m 17 |[39m   )
 [90m 18 |[39m }[0m
Next.js build worker exited with code: 1 and signal: null
